Fri, 15 Jan 2016 06:12:19 +0000	[2]include_once(D:\work_soft\wamp\www\bbb\admin/includes/libraries/session.lib.php): failed to open stream: No such file or directory	\eccore\ecmall.php(427) : runtime-created function	1
Fri, 15 Jan 2016 06:20:45 +0000	[2]include_once(D:\work_soft\wamp\www\bbb\admin/includes/libraries/session.lib.php): failed to open stream: No such file or directory	\eccore\ecmall.php(427) : runtime-created function	1
Fri, 15 Jan 2016 06:22:03 +0000	[2]include_once(D:\work_soft\wamp\www\bbb\admin/includes/libraries/session.lib.php): failed to open stream: No such file or directory	\eccore\ecmall.php(427) : runtime-created function	1
Fri, 15 Jan 2016 06:29:53 +0000	[2]include_once(D:\work_soft\wamp\www\bbb\admin/includes/libraries/session.lib.php): failed to open stream: No such file or directory	\eccore\ecmall.php(427) : runtime-created function	1
Fri, 15 Jan 2016 06:29:54 +0000	[2]include_once(D:\work_soft\wamp\www\bbb\admin/includes/libraries/session.lib.php): failed to open stream: No such file or directory	\eccore\ecmall.php(427) : runtime-created function	1
Fri, 15 Jan 2016 06:29:54 +0000	[2]include_once(D:\work_soft\wamp\www\bbb\admin/includes/libraries/session.lib.php): failed to open stream: No such file or directory	\eccore\ecmall.php(427) : runtime-created function	1
Fri, 15 Jan 2016 06:29:54 +0000	[2]include_once(D:\work_soft\wamp\www\bbb\admin/includes/libraries/session.lib.php): failed to open stream: No such file or directory	\eccore\ecmall.php(427) : runtime-created function	1
Fri, 15 Jan 2016 06:29:54 +0000	[2]include_once(D:\work_soft\wamp\www\bbb\admin/includes/libraries/session.lib.php): failed to open stream: No such file or directory	\eccore\ecmall.php(427) : runtime-created function	1
Fri, 15 Jan 2016 06:29:55 +0000	[2]include_once(D:\work_soft\wamp\www\bbb\admin/includes/libraries/session.lib.php): failed to open stream: No such file or directory	\eccore\ecmall.php(427) : runtime-created function	1
Fri, 15 Jan 2016 06:29:55 +0000	[2]include_once(D:\work_soft\wamp\www\bbb\admin/includes/libraries/session.lib.php): failed to open stream: No such file or directory	\eccore\ecmall.php(427) : runtime-created function	1
Fri, 15 Jan 2016 06:29:55 +0000	[2]include_once(D:\work_soft\wamp\www\bbb\admin/includes/libraries/session.lib.php): failed to open stream: No such file or directory	\eccore\ecmall.php(427) : runtime-created function	1
Fri, 15 Jan 2016 06:31:52 +0000	[2]include(D:\work_soft\wamp\www\bbb\admin/includes/menu.inc.php): failed to open stream: No such file or directory	\app\default.app.php	91
Fri, 15 Jan 2016 06:32:02 +0000	[2]include(D:\work_soft\wamp\www\bbb\admin/includes/menu.inc.php): failed to open stream: No such file or directory	\app\default.app.php	91
Fri, 15 Jan 2016 06:32:04 +0000	[2]include(D:\work_soft\wamp\www\bbb\admin/includes/menu.inc.php): failed to open stream: No such file or directory	\app\default.app.php	91
Fri, 15 Jan 2016 06:32:08 +0000	[2]include(D:\work_soft\wamp\www\bbb\admin/includes/menu.inc.php): failed to open stream: No such file or directory	\app\default.app.php	91
Fri, 15 Jan 2016 07:00:02 +0000	[2]dir(D:\work_soft\wamp\www\bbb\admin/themes/mall,D:\work_soft\wamp\www\bbb\admin/themes/mall): 	\includes\global.lib.php	339
Fri, 15 Jan 2016 07:00:21 +0000	[2]mysql_fetch_array() expects parameter 1 to be resource, boolean given	\eccore\model\mysql.php	225
Fri, 15 Jan 2016 07:06:06 +0000	[2]mysql_fetch_array() expects parameter 1 to be resource, boolean given	\eccore\model\mysql.php	225
Fri, 15 Jan 2016 07:25:54 +0000	[2]mysql_fetch_array() expects parameter 1 to be resource, boolean given	\eccore\model\mysql.php	225
Fri, 15 Jan 2016 07:25:58 +0000	[2]mysql_fetch_array() expects parameter 1 to be resource, boolean given	\eccore\model\mysql.php	225
Fri, 15 Jan 2016 07:26:31 +0000	[2]mysql_fetch_array() expects parameter 1 to be resource, boolean given	\eccore\model\mysql.php	225
Fri, 15 Jan 2016 07:26:36 +0000	[2]mysql_fetch_array() expects parameter 1 to be resource, boolean given	\eccore\model\mysql.php	225
Fri, 15 Jan 2016 07:26:37 +0000	[2]mysql_fetch_array() expects parameter 1 to be resource, boolean given	\eccore\model\mysql.php	225
Fri, 15 Jan 2016 07:26:38 +0000	[2]mysql_fetch_array() expects parameter 1 to be resource, boolean given	\eccore\model\mysql.php	225
Fri, 15 Jan 2016 07:27:25 +0000	[2]mysql_fetch_array() expects parameter 1 to be resource, boolean given	\eccore\model\mysql.php	225
Fri, 15 Jan 2016 07:41:02 +0000	[2]include(D:\work_soft\wamp\www\bbb\admin/admin/systems/priv.inc.php): failed to open stream: No such file or directory	\app\admin.app.php	92
Fri, 15 Jan 2016 07:42:05 +0000	[2]include(D:\work_soft\wamp\www\bbb\admin/admin/systems/priv.inc.php): failed to open stream: No such file or directory	\app\admin.app.php	92
Fri, 15 Jan 2016 07:42:10 +0000	[2]mysql_fetch_array() expects parameter 1 to be resource, boolean given	\eccore\model\mysql.php	225
Fri, 15 Jan 2016 07:42:25 +0000	[2]mysql_fetch_array() expects parameter 1 to be resource, boolean given	\eccore\model\mysql.php	225
Fri, 15 Jan 2016 07:43:26 +0000	[2]include(D:\work_soft\wamp\www\bbb\admin/admin/systems/priv.inc.php): failed to open stream: No such file or directory	\app\admin.app.php	93
Fri, 15 Jan 2016 07:43:32 +0000	[2]mysql_fetch_array() expects parameter 1 to be resource, boolean given	\eccore\model\mysql.php	225
Fri, 15 Jan 2016 07:43:40 +0000	[2]include(D:\work_soft\wamp\www\bbb\admin/admin/systems/priv.inc.php): failed to open stream: No such file or directory	\app\admin.app.php	93
Fri, 15 Jan 2016 07:52:04 +0000	[2]mysql_fetch_array() expects parameter 1 to be resource, boolean given	\eccore\model\mysql.php	225
Fri, 15 Jan 2016 07:54:17 +0000	[2]mysql_fetch_array() expects parameter 1 to be resource, boolean given	\eccore\model\mysql.php	225
Fri, 15 Jan 2016 08:00:14 +0000	[2]mysql_fetch_array() expects parameter 1 to be resource, boolean given	\eccore\model\mysql.php	225
Fri, 15 Jan 2016 08:01:06 +0000	[2]mysql_fetch_array() expects parameter 1 to be resource, boolean given	\eccore\model\mysql.php	225
Fri, 15 Jan 2016 08:01:25 +0000	[2]mysql_fetch_array() expects parameter 1 to be resource, boolean given	\eccore\model\mysql.php	225
Fri, 15 Jan 2016 08:01:34 +0000	[2]mysql_fetch_array() expects parameter 1 to be resource, boolean given	\eccore\model\mysql.php	225
Fri, 15 Jan 2016 08:15:54 +0000	[2]mysql_fetch_array() expects parameter 1 to be resource, boolean given	\eccore\model\mysql.php	225
Fri, 15 Jan 2016 08:16:01 +0000	[2]mysql_fetch_array() expects parameter 1 to be resource, boolean given	\eccore\model\mysql.php	225
Fri, 15 Jan 2016 08:16:10 +0000	[2]mysql_fetch_array() expects parameter 1 to be resource, boolean given	\eccore\model\mysql.php	225
Fri, 15 Jan 2016 08:16:44 +0000	[2]mysql_fetch_array() expects parameter 1 to be resource, boolean given	\eccore\model\mysql.php	225
Fri, 15 Jan 2016 08:18:09 +0000	[2]mysql_fetch_array() expects parameter 1 to be resource, boolean given	\eccore\model\mysql.php	225
Fri, 15 Jan 2016 08:18:15 +0000	[2]mysql_fetch_array() expects parameter 1 to be resource, boolean given	\eccore\model\mysql.php	225
Fri, 15 Jan 2016 08:18:41 +0000	[2]mysql_fetch_array() expects parameter 1 to be resource, boolean given	\eccore\model\mysql.php	225
Fri, 15 Jan 2016 08:19:02 +0000	[2]mysql_fetch_array() expects parameter 1 to be resource, boolean given	\eccore\model\mysql.php	225
Fri, 15 Jan 2016 08:55:51 +0000	[2]mysql_fetch_array() expects parameter 1 to be resource, boolean given	\eccore\model\mysql.php	225
Fri, 15 Jan 2016 08:59:07 +0000	[2]mysql_fetch_array() expects parameter 1 to be resource, boolean given	\eccore\model\mysql.php	225
Fri, 15 Jan 2016 08:59:12 +0000	[2]mysql_fetch_array() expects parameter 1 to be resource, boolean given	\eccore\model\mysql.php	225
Fri, 15 Jan 2016 08:59:24 +0000	[2]dir(D:\work_soft\wamp\www\bbb\admin/themes/mall,D:\work_soft\wamp\www\bbb\admin/themes/mall): 	\includes\global.lib.php	339
Fri, 15 Jan 2016 09:00:39 +0000	[2]mysql_fetch_array() expects parameter 1 to be resource, boolean given	\eccore\model\mysql.php	225
Fri, 15 Jan 2016 09:00:49 +0000	[2]mysql_fetch_array() expects parameter 1 to be resource, boolean given	\eccore\model\mysql.php	225
Fri, 15 Jan 2016 09:05:10 +0000	[2]mysql_fetch_array() expects parameter 1 to be resource, boolean given	\eccore\model\mysql.php	225
Fri, 15 Jan 2016 09:07:52 +0000	[2]mysql_fetch_array() expects parameter 1 to be resource, boolean given	\eccore\model\mysql.php	225
Fri, 15 Jan 2016 09:20:29 +0000	[2]mysql_fetch_array() expects parameter 1 to be resource, boolean given	\eccore\model\mysql.php	225
Fri, 15 Jan 2016 09:20:31 +0000	[2]mysql_fetch_array() expects parameter 1 to be resource, boolean given	\eccore\model\mysql.php	225
Fri, 15 Jan 2016 09:20:34 +0000	[2]mysql_fetch_array() expects parameter 1 to be resource, boolean given	\eccore\model\mysql.php	225
Fri, 15 Jan 2016 09:21:31 +0000	[2]mysql_fetch_array() expects parameter 1 to be resource, boolean given	\eccore\model\mysql.php	225
Fri, 15 Jan 2016 09:23:10 +0000	[2]mysql_fetch_array() expects parameter 1 to be resource, boolean given	\eccore\model\mysql.php	225
Fri, 15 Jan 2016 09:23:14 +0000	[2]mysql_fetch_array() expects parameter 1 to be resource, boolean given	\eccore\model\mysql.php	225
Fri, 15 Jan 2016 09:27:12 +0000	[2]mysql_fetch_array() expects parameter 1 to be resource, boolean given	\eccore\model\mysql.php	225
Fri, 15 Jan 2016 09:27:15 +0000	[2]mysql_fetch_array() expects parameter 1 to be resource, boolean given	\eccore\model\mysql.php	225
Fri, 15 Jan 2016 09:27:28 +0000	[2]mysql_fetch_array() expects parameter 1 to be resource, boolean given	\eccore\model\mysql.php	225
Fri, 15 Jan 2016 09:27:44 +0000	[2]mysql_fetch_array() expects parameter 1 to be resource, boolean given	\eccore\model\mysql.php	225
Fri, 15 Jan 2016 09:35:02 +0000	[2]mysql_fetch_array() expects parameter 1 to be resource, boolean given	\eccore\model\mysql.php	225
Fri, 15 Jan 2016 09:36:56 +0000	[2]Invalid argument supplied for foreach()	\includes\models\goods.model.php	173
Fri, 15 Jan 2016 09:39:12 +0000	[2]mysql_fetch_array() expects parameter 1 to be resource, boolean given	\eccore\model\mysql.php	225
Fri, 15 Jan 2016 10:14:23 +0000	[2]mysql_fetch_array() expects parameter 1 to be resource, boolean given	\eccore\model\mysql.php	225
Fri, 15 Jan 2016 10:14:29 +0000	[2]mysql_fetch_array() expects parameter 1 to be resource, boolean given	\eccore\model\mysql.php	225
Fri, 15 Jan 2016 10:14:32 +0000	[2]mysql_fetch_array() expects parameter 1 to be resource, boolean given	\eccore\model\mysql.php	225
Fri, 15 Jan 2016 10:14:38 +0000	[2]mysql_fetch_array() expects parameter 1 to be resource, boolean given	\eccore\model\mysql.php	225
Fri, 15 Jan 2016 10:15:07 +0000	[2]mysql_fetch_array() expects parameter 1 to be resource, boolean given	\eccore\model\mysql.php	225
Fri, 15 Jan 2016 10:16:25 +0000	[2]mysql_fetch_array() expects parameter 1 to be resource, boolean given	\eccore\model\mysql.php	225
Fri, 15 Jan 2016 10:16:28 +0000	[2]mysql_fetch_array() expects parameter 1 to be resource, boolean given	\eccore\model\mysql.php	225
Fri, 15 Jan 2016 10:36:54 +0000	[2]mysql_fetch_array() expects parameter 1 to be resource, boolean given	\eccore\model\mysql.php	225
Fri, 15 Jan 2016 10:36:57 +0000	[2]mysql_fetch_array() expects parameter 1 to be resource, boolean given	\eccore\model\mysql.php	225
Fri, 15 Jan 2016 10:36:59 +0000	[2]mysql_fetch_array() expects parameter 1 to be resource, boolean given	\eccore\model\mysql.php	225
Fri, 15 Jan 2016 10:37:16 +0000	[2]mysql_fetch_array() expects parameter 1 to be resource, boolean given	\eccore\model\mysql.php	225
Fri, 15 Jan 2016 10:37:22 +0000	[2]mysql_fetch_array() expects parameter 1 to be resource, boolean given	\eccore\model\mysql.php	225
Fri, 15 Jan 2016 10:37:53 +0000	[2]mysql_fetch_array() expects parameter 1 to be resource, boolean given	\eccore\model\mysql.php	225
Fri, 15 Jan 2016 10:37:54 +0000	[2]mysql_fetch_array() expects parameter 1 to be resource, boolean given	\eccore\model\mysql.php	225
Fri, 15 Jan 2016 10:38:04 +0000	[2]mysql_fetch_array() expects parameter 1 to be resource, boolean given	\eccore\model\mysql.php	225
Fri, 15 Jan 2016 10:38:06 +0000	[2]mysql_fetch_array() expects parameter 1 to be resource, boolean given	\eccore\model\mysql.php	225
Fri, 15 Jan 2016 10:38:10 +0000	[2]mysql_fetch_array() expects parameter 1 to be resource, boolean given	\eccore\model\mysql.php	225
Fri, 15 Jan 2016 10:38:37 +0000	[2]mysql_fetch_array() expects parameter 1 to be resource, boolean given	\eccore\model\mysql.php	225
Fri, 15 Jan 2016 10:38:46 +0000	[2]mysql_fetch_array() expects parameter 1 to be resource, boolean given	\eccore\model\mysql.php	225
Fri, 15 Jan 2016 10:51:41 +0000	[2]mysql_fetch_array() expects parameter 1 to be resource, boolean given	\eccore\model\mysql.php	225
Fri, 15 Jan 2016 10:52:53 +0000	[2]mysql_fetch_array() expects parameter 1 to be resource, boolean given	\eccore\model\mysql.php	225
Fri, 15 Jan 2016 10:54:34 +0000	[2]mysql_fetch_array() expects parameter 1 to be resource, boolean given	\eccore\model\mysql.php	225
Fri, 15 Jan 2016 10:54:47 +0000	[2]mysql_fetch_array() expects parameter 1 to be resource, boolean given	\eccore\model\mysql.php	225
Fri, 15 Jan 2016 10:54:53 +0000	[2]mysql_fetch_array() expects parameter 1 to be resource, boolean given	\eccore\model\mysql.php	225
Fri, 15 Jan 2016 10:55:00 +0000	[2]mysql_fetch_array() expects parameter 1 to be resource, boolean given	\eccore\model\mysql.php	225
Fri, 15 Jan 2016 10:56:55 +0000	[2]mysql_fetch_array() expects parameter 1 to be resource, boolean given	\eccore\model\mysql.php	225
Fri, 15 Jan 2016 10:58:06 +0000	[2]mysql_fetch_array() expects parameter 1 to be resource, boolean given	\eccore\model\mysql.php	225
Fri, 15 Jan 2016 10:58:17 +0000	[2]mysql_fetch_array() expects parameter 1 to be resource, boolean given	\eccore\model\mysql.php	225
Fri, 15 Jan 2016 10:58:32 +0000	[2]mysql_fetch_array() expects parameter 1 to be resource, boolean given	\eccore\model\mysql.php	225
Fri, 15 Jan 2016 10:58:38 +0000	[2]mysql_fetch_array() expects parameter 1 to be resource, boolean given	\eccore\model\mysql.php	225
Fri, 15 Jan 2016 10:58:54 +0000	[2]mysql_fetch_array() expects parameter 1 to be resource, boolean given	\eccore\model\mysql.php	225
Fri, 15 Jan 2016 10:59:13 +0000	[2]mysql_fetch_array() expects parameter 1 to be resource, boolean given	\eccore\model\mysql.php	225
Fri, 15 Jan 2016 10:59:53 +0000	[2]mysql_fetch_array() expects parameter 1 to be resource, boolean given	\eccore\model\mysql.php	225
Sat, 23 Jan 2016 15:22:36 +0100	[2]mysql_fetch_array() expects parameter 1 to be resource, boolean given	\eccore\model\mysql.php	225
Tue, 26 Jan 2016 06:43:46 +0000	[2]mysql_fetch_array() expects parameter 1 to be resource, boolean given	\eccore\model\mysql.php	225
Tue, 26 Jan 2016 07:02:43 +0000	[2]mysql_fetch_array() expects parameter 1 to be resource, boolean given	\eccore\model\mysql.php	225
Tue, 26 Jan 2016 07:05:49 +0000	[2]mysql_fetch_array() expects parameter 1 to be resource, boolean given	\eccore\model\mysql.php	225
Tue, 26 Jan 2016 07:06:02 +0000	[2]mysql_fetch_array() expects parameter 1 to be resource, boolean given	\eccore\model\mysql.php	225
Tue, 26 Jan 2016 07:06:14 +0000	[2]mysql_fetch_array() expects parameter 1 to be resource, boolean given	\eccore\model\mysql.php	225
Tue, 26 Jan 2016 08:05:18 +0000	[2]mysql_fetch_array() expects parameter 1 to be resource, boolean given	\eccore\model\mysql.php	225
Tue, 26 Jan 2016 08:12:48 +0000	[2]mysql_fetch_array() expects parameter 1 to be resource, boolean given	\eccore\model\mysql.php	225
Tue, 26 Jan 2016 08:13:24 +0000	[2]mysql_fetch_array() expects parameter 1 to be resource, boolean given	\eccore\model\mysql.php	225
Tue, 26 Jan 2016 08:13:35 +0000	[2]mysql_fetch_array() expects parameter 1 to be resource, boolean given	\eccore\model\mysql.php	225
Tue, 26 Jan 2016 08:39:10 +0000	[2]mysql_fetch_array() expects parameter 1 to be resource, boolean given	\eccore\model\mysql.php	225
Tue, 26 Jan 2016 08:55:26 +0000	[2]mysql_fetch_array() expects parameter 1 to be resource, boolean given	\eccore\model\mysql.php	225
Tue, 26 Jan 2016 09:51:56 +0000	[2]mysql_fetch_array() expects parameter 1 to be resource, boolean given	\eccore\model\mysql.php	225
Tue, 26 Jan 2016 09:56:01 +0000	[2]mysql_fetch_array() expects parameter 1 to be resource, boolean given	\eccore\model\mysql.php	225
Wed, 27 Jan 2016 09:12:10 +0000	[2]mysql_fetch_array() expects parameter 1 to be resource, boolean given	\eccore\model\mysql.php	225
Thu, 28 Jan 2016 07:51:45 +0000	[2]mysql_fetch_array() expects parameter 1 to be resource, boolean given	\eccore\model\mysql.php	225
Thu, 28 Jan 2016 08:42:23 +0000	[2]mysql_fetch_array() expects parameter 1 to be resource, boolean given	\eccore\model\mysql.php	225
Thu, 28 Jan 2016 09:28:03 +0000	[2]mysql_fetch_array() expects parameter 1 to be resource, boolean given	\eccore\model\mysql.php	225
